<?xml version="1.0" encoding="UTF-8"?>
<!-- Generated by org.testng.reporters.JUnitReportReporter -->
<testsuite hostname="LAPTOP-DJTLPK5V" failures="0" tests="1" name="search.SearchTest" time="19.637" errors="0" timestamp="2022-10-07T16:48:24 IST" skipped="0">
  <testcase classname="search.SearchTest" name="searchTest" time="19.637"/>
  <system-out/>
</testsuite> <!-- search.SearchTest -->
