<?xml version="1.0" encoding="UTF-8"?>
<!-- Generated by org.testng.reporters.JUnitReportReporter -->
<testsuite hostname="LAPTOP-DJTLPK5V" failures="0" tests="1" name="registration.RegistrationTest" time="16.583" errors="0" timestamp="2022-10-07T16:48:24 IST" skipped="0">
  <testcase classname="registration.RegistrationTest" name="registrationTest" time="16.583"/>
  <system-out/>
</testsuite> <!-- registration.RegistrationTest -->
