<?xml version="1.0" encoding="UTF-8"?>
<!-- Generated by org.testng.reporters.JUnitReportReporter -->
<testsuite hostname="LAPTOP-DJTLPK5V" failures="0" tests="1" name="login.LoginTest" time="5.480" errors="0" timestamp="2022-10-07T16:48:24 IST" skipped="0">
  <testcase classname="login.LoginTest" name="loginTest" time="5.480"/>
  <system-out/>
</testsuite> <!-- login.LoginTest -->
